<?xml version="1.0" encoding="UTF-8"?>

<beans xmlns="http://www.springframework.org/schema/beans"
	xmlns:xsi="http://www.w3.org/2001/XMLSchema-instance"
	xmlns:aop="http://www.springframework.org/schema/aop"
	xsi:schemaLocation="http://www.springframework.org/schema/beans
						http://www.springframework.org/schema/beans/spring-beans-3.0.xsd
						http://www.springframework.org/schema/aop
						http://www.springframework.org/schema/aop/spring-aop-3.0.xsd">
							
	<bean id="userDao" class="springbook.user.dao.UserDaoJdbc">
		<property name="dataSource" ref="dataSource" />
	</bean>
	
	<bean id="dataSource" class="org.springframework.jdbc.datasource.SimpleDriverDataSource" >
		<property name="driverClass" value="com.mysql.jdbc.Driver" />
		<property name="url" value="jdbc:mysql://localhost/springbook?characterEncoding=UTF-8" />
		<property name="username" value="spring" />
		<property name="password" value="book" />
	</bean>
	
	<aop:config>
		<aop:advisor advice-ref="transactionAdvice" pointcut="execution(* *..*ServiceImpl.upgrade*(..))"/>
	</aop:config>
	
	<bean id="transactionAdvice" class="org.springframework.transaction.interceptor.TransactionInterceptor">
		<property name="transactionManager"  ref="transactionManager" />
		<property name="transactionAttributes">
			<props>
				<prop key="get*">PROPAGATION_REQUIRED, readOnly, timeout_30</prop>
				<prop key="upgrade*">PROPAGATION_REQUIRES_NEW, ISOLATION_SERIALIZABLE</prop>
				<prop key="*">PROPAGATION_REQUIRED</prop>
			</props>
		</property>
	</bean>
	
	<bean id="transactionManager" class="org.springframework.jdbc.datasource.DataSourceTransactionManager">
		<property name = "dataSource" ref="dataSource" />
	</bean>
	
	<!-- JTA transaction -->
	<!-- <bean id="transactionManager" class="org.springframework.transaction.jta.JtaTransactionManager">
		<property name = "dataSource" ref="dataSource" />
	</bean> -->
	
	<!-- 
	<bean id="mailSender" class="org.springframework.mail.javamail.JavaMailSenderImpl">
		<property name="host" value="mail.server.com" />
	</bean>
	 -->
	<bean id="mailSender" class="springbook.user.service.DummyMailSender" />
	
	<!-- aop -->
	<!--
	<bean class="org.springframework.aop.framework.autoproxy.DefaultAdvisorAutoProxyCreator" />
	
	<bean id="transactionPointcut" class="org.springframework.aop.aspectj.AspectJExpressionPointcut">
		<property name="expression" value="execution(* *..*ServiceImpl.upgrade*(..))" />
	</bean>
	
	<bean id="transactionAdvisor" class="org.springframework.aop.support.DefaultPointcutAdvisor">
		<property name="advice" ref="transactionAdvice" />
		<property name="pointcut" ref="transactionPointcut"/>
	</bean>
	
	<bean id="transactionAdvice" class="springbook.user.service.TransactionAdvice">	
		<property name="transactionManager" ref="transactionManager" />
	</bean>
	 -->
	<bean id="userService" class="springbook.user.service.UserServiceImpl">
		<property name="userDao" ref="userDao" />
		<property name="mailSender" ref="mailSender" />	
	</bean>
	
	<bean id="testUserService" class="springbook.user.service.UserServiceTest$TestUserService" parent="userService" />
</beans>